<?xml version="1.0" encoding="UTF-8" ?>
<testsuite tests="1" failures="0" name="com.cfx.demo.orders.DefaultOrdersEndPointTest" time="11.03" errors="1" skipped="0">
  <properties>
[...]
</properties>
  <testcase classname="com.cfx.demo.orders.DefaultOrdersEndPointTest" name="testProcessOrderPlacement" time="1.166">
    <error message="Fault string, and possibly fault code, not set" type="javax.xml.ws.soap.SOAPFaultException">javax.xml.ws.soap.SOAPFaultException: Fault string, and possibly fault code, not set
	at org.apache.cxf.jaxws.JaxWsClientProxy.invoke(JaxWsClientProxy.java:161)
	at com.sun.proxy.$Proxy57.processOrderPlacement(Unknown Source)
	at com.cfx.demo.orders.DefaultOrdersEndPointTest.testProcessOrderPlacement(DefaultOrdersEndPointTest.java:48)
	at sun.reflect.NativeMethodAccessorImpl.invoke0(Native Method)
	at sun.reflect.NativeMethodAccessorImpl.invoke(NativeMethodAccessorImpl.java:62)
	at sun.reflect.DelegatingMethodAccessorImpl.invoke(DelegatingMethodAccessorImpl.java:43)
	at java.lang.reflect.Method.invoke(Method.java:497)
	at org.junit.runners.model.FrameworkMethod$1.runReflectiveCall(FrameworkMethod.java:50)
	at org.junit.internal.runners.model.ReflectiveCallable.run(ReflectiveCallable.java:12)
	at org.junit.runners.model.FrameworkMethod.invokeExplosively(FrameworkMethod.java:47)
	at org.junit.internal.runners.statements.InvokeMethod.evaluate(InvokeMethod.java:17)
	at org.junit.internal.runners.statements.RunBefores.evaluate(RunBefores.java:26)
	at org.springframework.test.context.junit4.statements.RunBeforeTestMethodCallbacks.evaluate(RunBeforeTestMethodCallbacks.java:75)
	at org.junit.internal.runners.statements.RunAfters.evaluate(RunAfters.java:27)
	at org.springframework.test.context.junit4.statements.RunAfterTestMethodCallbacks.evaluate(RunAfterTestMethodCallbacks.java:86)
	at org.springframework.test.context.junit4.statements.SpringRepeat.evaluate(SpringRepeat.java:70)
	at org.junit.runners.ParentRunner.runLeaf(ParentRunner.java:325)
	at org.springframework.test.context.junit4.SpringJUnit4ClassRunner.runChild(SpringJUnit4ClassRunner.java:224)
	at org.springframework.test.context.junit4.SpringJUnit4ClassRunner.runChild(SpringJUnit4ClassRunner.java:83)
	at org.junit.runners.ParentRunner$3.run(ParentRunner.java:290)
	at org.junit.runners.ParentRunner$1.schedule(ParentRunner.java:71)
	at org.junit.runners.ParentRunner.runChildren(ParentRunner.java:288)
	at org.junit.runners.ParentRunner.access$000(ParentRunner.java:58)
	at org.junit.runners.ParentRunner$2.evaluate(ParentRunner.java:268)
	at org.springframework.test.context.junit4.statements.RunBeforeTestClassCallbacks.evaluate(RunBeforeTestClassCallbacks.java:61)
	at org.springframework.test.context.junit4.statements.RunAfterTestClassCallbacks.evaluate(RunAfterTestClassCallbacks.java:70)
	at org.junit.runners.ParentRunner.run(ParentRunner.java:363)
	at org.springframework.test.context.junit4.SpringJUnit4ClassRunner.run(SpringJUnit4ClassRunner.java:163)
	at org.apache.maven.surefire.junit4.JUnit4TestSet.execute(JUnit4TestSet.java:53)
	at org.apache.maven.surefire.junit4.JUnit4Provider.executeTestSet(JUnit4Provider.java:123)
	at org.apache.maven.surefire.junit4.JUnit4Provider.invoke(JUnit4Provider.java:104)
	at sun.reflect.NativeMethodAccessorImpl.invoke0(Native Method)
	at sun.reflect.NativeMethodAccessorImpl.invoke(NativeMethodAccessorImpl.java:62)
	at sun.reflect.DelegatingMethodAccessorImpl.invoke(DelegatingMethodAccessorImpl.java:43)
	at java.lang.reflect.Method.invoke(Method.java:497)
	at org.apache.maven.surefire.util.ReflectionUtils.invokeMethodWithArray(ReflectionUtils.java:164)
	at org.apache.maven.surefire.booter.ProviderFactory$ProviderProxy.invoke(ProviderFactory.java:110)
	at org.apache.maven.surefire.booter.SurefireStarter.invokeProvider(SurefireStarter.java:175)
	at org.apache.maven.surefire.booter.SurefireStarter.runSuitesInProcessWhenForked(SurefireStarter.java:107)
	at org.apache.maven.surefire.booter.ForkedBooter.main(ForkedBooter.java:68)
Caused by: java.lang.NullPointerException
	at com.cfx.demo.orders.OrderServiceSoapHeaderOutIntercepter.handleMessage(OrderServiceSoapHeaderOutIntercepter.java:31)
	at com.cfx.demo.orders.OrderServiceSoapHeaderOutIntercepter.handleMessage(OrderServiceSoapHeaderOutIntercepter.java:1)
	at org.apache.cxf.phase.PhaseInterceptorChain.doIntercept(PhaseInterceptorChain.java:308)
	at org.apache.cxf.endpoint.ClientImpl.doInvoke(ClientImpl.java:514)
	at org.apache.cxf.endpoint.ClientImpl.invoke(ClientImpl.java:423)
	at org.apache.cxf.endpoint.ClientImpl.invoke(ClientImpl.java:324)
	at org.apache.cxf.endpoint.ClientImpl.invoke(ClientImpl.java:277)
	at org.apache.cxf.frontend.ClientProxy.invokeSync(ClientProxy.java:96)
	at org.apache.cxf.jaxws.JaxWsClientProxy.invoke(JaxWsClientProxy.java:139)
	... 39 more
</error>
    <system-err>May 16, 2017 9:46:41 AM org.springframework.test.context.support.DefaultTestContextBootstrapper getDefaultTestExecutionListenerClassNames
INFO: Loaded default TestExecutionListener class names from location [META-INF/spring.factories]: [org.springframework.test.context.web.ServletTestExecutionListener, org.springframework.test.context.support.DependencyInjectionTestExecutionListener, org.springframework.test.context.support.DirtiesContextTestExecutionListener, org.springframework.test.context.transaction.TransactionalTestExecutionListener, org.springframework.test.context.jdbc.SqlScriptsTestExecutionListener]
May 16, 2017 9:46:42 AM org.springframework.test.context.support.DefaultTestContextBootstrapper instantiateListeners
INFO: Could not instantiate TestExecutionListener [org.springframework.test.context.jdbc.SqlScriptsTestExecutionListener]. Specify custom listener classes or make the default listener classes (and their required dependencies) available. Offending class: [org/springframework/transaction/interceptor/TransactionAttribute]
May 16, 2017 9:46:42 AM org.springframework.test.context.support.DefaultTestContextBootstrapper instantiateListeners
INFO: Could not instantiate TestExecutionListener [org.springframework.test.context.transaction.TransactionalTestExecutionListener]. Specify custom listener classes or make the default listener classes (and their required dependencies) available. Offending class: [org/springframework/transaction/interceptor/TransactionAttributeSource]
May 16, 2017 9:46:42 AM org.springframework.test.context.support.DefaultTestContextBootstrapper getTestExecutionListeners
INFO: Using TestExecutionListeners: [org.springframework.test.context.web.ServletTestExecutionListener@2a2d45ba, org.springframework.test.context.support.DependencyInjectionTestExecutionListener@2a5ca609, org.springframework.test.context.support.DirtiesContextTestExecutionListener@20e2cbe0]
May 16, 2017 9:46:42 AM org.springframework.beans.factory.xml.XmlBeanDefinitionReader loadBeanDefinitions
INFO: Loading XML bean definitions from class path resource [test-bean.xml]
May 16, 2017 9:46:43 AM org.springframework.beans.factory.xml.XmlBeanDefinitionReader loadBeanDefinitions
INFO: Loading XML bean definitions from class path resource [META-INF/cxf/cxf.xml]
May 16, 2017 9:46:44 AM org.springframework.context.support.GenericApplicationContext prepareRefresh
INFO: Refreshing org.springframework.context.support.GenericApplicationContext@5442a311: startup date [Tue May 16 09:46:44 IST 2017]; root of context hierarchy
May 16, 2017 9:46:47 AM org.apache.cxf.wsdl.service.factory.ReflectionServiceFactoryBean buildServiceFromClass
INFO: Creating Service {http://www.allstate.com/services/Orders/}OrdersService from class com.allstate.services.orders.Orders
May 16, 2017 9:46:50 AM org.apache.cxf.endpoint.ServerImpl initDestination
INFO: Setting the server&apos;s publish address to be http://localhost:9000/apache-cfx-jax-ws-demo/services/orders
SLF4J: Failed to load class &quot;org.slf4j.impl.StaticLoggerBinder&quot;.
SLF4J: Defaulting to no-operation (NOP) logger implementation
SLF4J: See http://www.slf4j.org/codes.html#StaticLoggerBinder for further details.
May 16, 2017 9:46:51 AM org.apache.cxf.wsdl.service.factory.ReflectionServiceFactoryBean buildServiceFromClass
INFO: Creating Service {http://www.allstate.com/services/Orders/}OrdersService from class com.allstate.services.orders.Orders
May 16, 2017 9:46:52 AM org.apache.cxf.phase.PhaseInterceptorChain doDefaultLogging
WARNING: Interceptor for {http://www.allstate.com/services/Orders/}OrdersService#{http://www.allstate.com/services/Orders/}ProcessOrderPlacement has thrown exception, unwinding now
java.lang.NullPointerException
	at com.cfx.demo.orders.OrderServiceSoapHeaderOutIntercepter.handleMessage(OrderServiceSoapHeaderOutIntercepter.java:31)
	at com.cfx.demo.orders.OrderServiceSoapHeaderOutIntercepter.handleMessage(OrderServiceSoapHeaderOutIntercepter.java:1)
	at org.apache.cxf.phase.PhaseInterceptorChain.doIntercept(PhaseInterceptorChain.java:308)
	at org.apache.cxf.endpoint.ClientImpl.doInvoke(ClientImpl.java:514)
	at org.apache.cxf.endpoint.ClientImpl.invoke(ClientImpl.java:423)
	at org.apache.cxf.endpoint.ClientImpl.invoke(ClientImpl.java:324)
	at org.apache.cxf.endpoint.ClientImpl.invoke(ClientImpl.java:277)
	at org.apache.cxf.frontend.ClientProxy.invokeSync(ClientProxy.java:96)
	at org.apache.cxf.jaxws.JaxWsClientProxy.invoke(JaxWsClientProxy.java:139)
	at com.sun.proxy.$Proxy57.processOrderPlacement(Unknown Source)
	at com.cfx.demo.orders.DefaultOrdersEndPointTest.testProcessOrderPlacement(DefaultOrdersEndPointTest.java:48)
	at sun.reflect.NativeMethodAccessorImpl.invoke0(Native Method)
	at sun.reflect.NativeMethodAccessorImpl.invoke(NativeMethodAccessorImpl.java:62)
	at sun.reflect.DelegatingMethodAccessorImpl.invoke(DelegatingMethodAccessorImpl.java:43)
	at java.lang.reflect.Method.invoke(Method.java:497)
	at org.junit.runners.model.FrameworkMethod$1.runReflectiveCall(FrameworkMethod.java:50)
	at org.junit.internal.runners.model.ReflectiveCallable.run(ReflectiveCallable.java:12)
	at org.junit.runners.model.FrameworkMethod.invokeExplosively(FrameworkMethod.java:47)
	at org.junit.internal.runners.statements.InvokeMethod.evaluate(InvokeMethod.java:17)
	at org.junit.internal.runners.statements.RunBefores.evaluate(RunBefores.java:26)
	at org.springframework.test.context.junit4.statements.RunBeforeTestMethodCallbacks.evaluate(RunBeforeTestMethodCallbacks.java:75)
	at org.junit.internal.runners.statements.RunAfters.evaluate(RunAfters.java:27)
	at org.springframework.test.context.junit4.statements.RunAfterTestMethodCallbacks.evaluate(RunAfterTestMethodCallbacks.java:86)
	at org.springframework.test.context.junit4.statements.SpringRepeat.evaluate(SpringRepeat.java:70)
	at org.junit.runners.ParentRunner.runLeaf(ParentRunner.java:325)
	at org.springframework.test.context.junit4.SpringJUnit4ClassRunner.runChild(SpringJUnit4ClassRunner.java:224)
	at org.springframework.test.context.junit4.SpringJUnit4ClassRunner.runChild(SpringJUnit4ClassRunner.java:83)
	at org.junit.runners.ParentRunner$3.run(ParentRunner.java:290)
	at org.junit.runners.ParentRunner$1.schedule(ParentRunner.java:71)
	at org.junit.runners.ParentRunner.runChildren(ParentRunner.java:288)
	at org.junit.runners.ParentRunner.access$000(ParentRunner.java:58)
	at org.junit.runners.ParentRunner$2.evaluate(ParentRunner.java:268)
	at org.springframework.test.context.junit4.statements.RunBeforeTestClassCallbacks.evaluate(RunBeforeTestClassCallbacks.java:61)
	at org.springframework.test.context.junit4.statements.RunAfterTestClassCallbacks.evaluate(RunAfterTestClassCallbacks.java:70)
	at org.junit.runners.ParentRunner.run(ParentRunner.java:363)
	at org.springframework.test.context.junit4.SpringJUnit4ClassRunner.run(SpringJUnit4ClassRunner.java:163)
	at org.apache.maven.surefire.junit4.JUnit4TestSet.execute(JUnit4TestSet.java:53)
	at org.apache.maven.surefire.junit4.JUnit4Provider.executeTestSet(JUnit4Provider.java:123)
	at org.apache.maven.surefire.junit4.JUnit4Provider.invoke(JUnit4Provider.java:104)
	at sun.reflect.NativeMethodAccessorImpl.invoke0(Native Method)
	at sun.reflect.NativeMethodAccessorImpl.invoke(NativeMethodAccessorImpl.java:62)
	at sun.reflect.DelegatingMethodAccessorImpl.invoke(DelegatingMethodAccessorImpl.java:43)
	at java.lang.reflect.Method.invoke(Method.java:497)
	at org.apache.maven.surefire.util.ReflectionUtils.invokeMethodWithArray(ReflectionUtils.java:164)
	at org.apache.maven.surefire.booter.ProviderFactory$ProviderProxy.invoke(ProviderFactory.java:110)
	at org.apache.maven.surefire.booter.SurefireStarter.invokeProvider(SurefireStarter.java:175)
	at org.apache.maven.surefire.booter.SurefireStarter.runSuitesInProcessWhenForked(SurefireStarter.java:107)
	at org.apache.maven.surefire.booter.ForkedBooter.main(ForkedBooter.java:68)

</system-err>
  </testcase>
</testsuite>